  main.cpp
C:\Users\Abyssin\Desktop\SFML-Clicker\ProjetSFLM1\ProjetSFLM1\main.cpp(23,11): warning C4244: 'initialisation' : conversion de 'time_t' en 'int', perte possible de données
C:\Users\Abyssin\Desktop\SFML-Clicker\ProjetSFLM1\ProjetSFLM1\main.cpp(55,15): warning C4244: 'argument' : conversion de 'time_t' en 'unsigned int', perte possible de données
C:\Users\Abyssin\Desktop\SFML-Clicker\ProjetSFLM1\ProjetSFLM1\main.cpp(133,21): warning C4244: 'initialisation' : conversion de 'double' en 'int', perte possible de données
C:\Users\Abyssin\Desktop\SFML-Clicker\ProjetSFLM1\ProjetSFLM1\main.cpp(135,61): warning C4244: 'argument' : conversion de 'int' en 'T', perte possible de données
          with
          [
              T=float
          ]
C:\Users\Abyssin\Desktop\SFML-Clicker\ProjetSFLM1\ProjetSFLM1\main.cpp(135,48): warning C4244: 'argument' : conversion de 'int' en 'T', perte possible de données
          with
          [
              T=float
          ]
C:\Users\Abyssin\Desktop\SFML-Clicker\ProjetSFLM1\ProjetSFLM1\main.cpp(137,106): warning C4244: 'argument' : conversion de 'int' en 'T', perte possible de données
          with
          [
              T=float
          ]
C:\Users\Abyssin\Desktop\SFML-Clicker\ProjetSFLM1\ProjetSFLM1\main.cpp(137,70): warning C4244: 'argument' : conversion de 'int' en 'T', perte possible de données
          with
          [
              T=float
          ]
C:\Users\Abyssin\Desktop\SFML-Clicker\ProjetSFLM1\ProjetSFLM1\main.cpp(147,73): warning C4244: 'argument' : conversion de 'int' en 'T', perte possible de données
          with
          [
              T=float
          ]
C:\Users\Abyssin\Desktop\SFML-Clicker\ProjetSFLM1\ProjetSFLM1\main.cpp(147,52): warning C4244: 'argument' : conversion de 'int' en 'T', perte possible de données
          with
          [
              T=float
          ]
C:\Users\Abyssin\Desktop\SFML-Clicker\ProjetSFLM1\ProjetSFLM1\main.cpp(149,123): warning C4244: 'argument' : conversion de 'int' en 'T', perte possible de données
          with
          [
              T=float
          ]
C:\Users\Abyssin\Desktop\SFML-Clicker\ProjetSFLM1\ProjetSFLM1\main.cpp(149,80): warning C4244: 'argument' : conversion de 'int' en 'T', perte possible de données
          with
          [
              T=float
          ]
C:\Users\Abyssin\Desktop\SFML-Clicker\ProjetSFLM1\ProjetSFLM1\main.cpp(184,65): warning C4244: 'argument' : conversion de 'int' en 'T', perte possible de données
          with
          [
              T=float
          ]
C:\Users\Abyssin\Desktop\SFML-Clicker\ProjetSFLM1\ProjetSFLM1\main.cpp(184,48): warning C4244: 'argument' : conversion de 'int' en 'T', perte possible de données
          with
          [
              T=float
          ]
C:\Users\Abyssin\Desktop\SFML-Clicker\ProjetSFLM1\ProjetSFLM1\main.cpp(204,58): warning C4244: 'argument' : conversion de 'int' en 'T', perte possible de données
          with
          [
              T=float
          ]
C:\Users\Abyssin\Desktop\SFML-Clicker\ProjetSFLM1\ProjetSFLM1\main.cpp(205,71): warning C4244: 'argument' : conversion de 'int' en 'T', perte possible de données
          with
          [
              T=float
          ]
C:\Users\Abyssin\Desktop\SFML-Clicker\ProjetSFLM1\ProjetSFLM1\main.cpp(205,51): warning C4244: 'argument' : conversion de 'int' en 'T', perte possible de données
          with
          [
              T=float
          ]
C:\Users\Abyssin\Desktop\SFML-Clicker\ProjetSFLM1\ProjetSFLM1\main.cpp(211,74): warning C4244: 'argument' : conversion de 'int' en 'T', perte possible de données
          with
          [
              T=float
          ]
C:\Users\Abyssin\Desktop\SFML-Clicker\ProjetSFLM1\ProjetSFLM1\main.cpp(211,54): warning C4244: 'argument' : conversion de 'int' en 'T', perte possible de données
          with
          [
              T=float
          ]
C:\Users\Abyssin\Desktop\SFML-Clicker\ProjetSFLM1\ProjetSFLM1\main.cpp(231,70): warning C4244: 'argument' : conversion de 'int' en 'T', perte possible de données
          with
          [
              T=float
          ]
C:\Users\Abyssin\Desktop\SFML-Clicker\ProjetSFLM1\ProjetSFLM1\main.cpp(231,54): warning C4244: 'argument' : conversion de 'int' en 'T', perte possible de données
          with
          [
              T=float
          ]
C:\Users\Abyssin\Desktop\SFML-Clicker\ProjetSFLM1\ProjetSFLM1\main.cpp(234,58): warning C4244: 'argument' : conversion de 'int' en 'float', perte possible de données
C:\Users\Abyssin\Desktop\SFML-Clicker\ProjetSFLM1\ProjetSFLM1\main.cpp(405,48): warning C4554: '|' : vérifiez si la priorité des opérateurs n'est pas une cause possible d'erreur ; utilisez des parenthèses pour rendre les priorités plus claires
C:\Users\Abyssin\Desktop\SFML-Clicker\ProjetSFLM1\ProjetSFLM1\main.cpp(424,29): warning C4244: '+=' : conversion de 'double' en 'int', perte possible de données
C:\Users\Abyssin\Desktop\SFML-Clicker\ProjetSFLM1\ProjetSFLM1\main.cpp(431,28): warning C4244: '+=' : conversion de 'double' en 'int', perte possible de données
C:\Users\Abyssin\Desktop\SFML-Clicker\ProjetSFLM1\ProjetSFLM1\main.cpp(436,28): warning C4244: '-=' : conversion de 'double' en 'int', perte possible de données
  Génération de code en cours
  Previous IPDB and IOBJ mismatch, fall back to full compilation.
  All 295 functions were compiled because no usable IPDB/IOBJ from previous compilation was found.
  Fin de la génération du code
  ProjetSFLM1.vcxproj -> C:\Users\Abyssin\Desktop\SFML-Clicker\ProjetSFLM1\x64\Release\ProjetSFLM1.exe
